# JRE version: Java(TM) SE Runtime Environment (8.0_231-b11) (build 1.8.0_231-b11)
# Java VM: Java HotSpot(TM) 64-Bit Server VM (25.231-b11 mixed mode windows-amd64 compressed oops)
Heap:
 PSYoungGen      total 135168K, used 29707K [0x00000000d5e00000, 0x00000000ded80000, 0x0000000100000000)
  eden space 125440K, 16% used [0x00000000d5e00000,0x00000000d72415b0,0x00000000dd880000)
  from space 9728K, 92% used [0x00000000de400000,0x00000000decc1650,0x00000000ded80000)
  to   space 10752K, 0% used [0x00000000dd880000,0x00000000dd880000,0x00000000de300000)
 ParOldGen       total 46080K, used 7281K [0x0000000081a00000, 0x0000000084700000, 0x00000000d5e00000)
  object space 46080K, 15% used [0x0000000081a00000,0x000000008211c7b8,0x0000000084700000)
 Metaspace       used 30568K, capacity 31906K, committed 32128K, reserved 1077248K
  class space    used 4083K, capacity 4365K, committed 4480K, reserved 1048576K
GC Heap History (10 events):
Event: 2.070 GC heap before
{Heap before GC invocations=3 (full 0):
 PSYoungGen      total 38400K, used 38398K [0x00000000d5e00000, 0x00000000da900000, 0x0000000100000000)
  eden space 33280K, 100% used [0x00000000d5e00000,0x00000000d7e80000,0x00000000d7e80000)
  from space 5120K, 99% used [0x00000000d8380000,0x00000000d887fa30,0x00000000d8880000)
  to   space 5120K, 0% used [0x00000000d7e80000,0x00000000d7e80000,0x00000000d8380000)
 ParOldGen       total 87552K, used 1676K [0x0000000081a00000, 0x0000000086f80000, 0x00000000d5e00000)
  object space 87552K, 1% used [0x0000000081a00000,0x0000000081ba3140,0x0000000086f80000)
 Metaspace       used 20538K, capacity 21152K, committed 21296K, reserved 1067008K
  class space    used 2725K, capacity 2894K, committed 2944K, reserved 1048576K
Event: 2.076 GC heap after
Heap after GC invocations=3 (full 0):
 PSYoungGen      total 38400K, used 5098K [0x00000000d5e00000, 0x00000000da900000, 0x0000000100000000)
  eden space 33280K, 0% used [0x00000000d5e00000,0x00000000d5e00000,0x00000000d7e80000)
  from space 5120K, 99% used [0x00000000d7e80000,0x00000000d837a940,0x00000000d8380000)
  to   space 5120K, 0% used [0x00000000da400000,0x00000000da400000,0x00000000da900000)
 ParOldGen       total 87552K, used 5739K [0x0000000081a00000, 0x0000000086f80000, 0x00000000d5e00000)
  object space 87552K, 6% used [0x0000000081a00000,0x0000000081f9afc0,0x0000000086f80000)
 Metaspace       used 20538K, capacity 21152K, committed 21296K, reserved 1067008K
  class space    used 2725K, capacity 2894K, committed 2944K, reserved 1048576K
}
Event: 2.079 GC heap before
{Heap before GC invocations=4 (full 0):
 PSYoungGen      total 38400K, used 6153K [0x00000000d5e00000, 0x00000000da900000, 0x0000000100000000)
  eden space 33280K, 3% used [0x00000000d5e00000,0x00000000d5f07cb0,0x00000000d7e80000)
  from space 5120K, 99% used [0x00000000d7e80000,0x00000000d837a940,0x00000000d8380000)
  to   space 5120K, 0% used [0x00000000da400000,0x00000000da400000,0x00000000da900000)
 ParOldGen       total 87552K, used 5739K [0x0000000081a00000, 0x0000000086f80000, 0x00000000d5e00000)
  object space 87552K, 6% used [0x0000000081a00000,0x0000000081f9afc0,0x0000000086f80000)
 Metaspace       used 20655K, capacity 21248K, committed 21296K, reserved 1067008K
  class space    used 2738K, capacity 2926K, committed 2944K, reserved 1048576K
Event: 2.083 GC heap after
Heap after GC invocations=4 (full 0):
 PSYoungGen      total 71680K, used 5090K [0x00000000d5e00000, 0x00000000da900000, 0x0000000100000000)
  eden space 66560K, 0% used [0x00000000d5e00000,0x00000000d5e00000,0x00000000d9f00000)
  from space 5120K, 99% used [0x00000000da400000,0x00000000da8f8ab8,0x00000000da900000)
  to   space 5120K, 0% used [0x00000000d9f00000,0x00000000d9f00000,0x00000000da400000)
 ParOldGen       total 87552K, used 5795K [0x0000000081a00000, 0x0000000086f80000, 0x00000000d5e00000)
  object space 87552K, 6% used [0x0000000081a00000,0x0000000081fa8fd0,0x0000000086f80000)
 Metaspace       used 20655K, capacity 21248K, committed 21296K, reserved 1067008K
  class space    used 2738K, capacity 2926K, committed 2944K, reserved 1048576K
}
Event: 2.083 GC heap before
{Heap before GC invocations=5 (full 1):
 PSYoungGen      total 71680K, used 5090K [0x00000000d5e00000, 0x00000000da900000, 0x0000000100000000)
  eden space 66560K, 0% used [0x00000000d5e00000,0x00000000d5e00000,0x00000000d9f00000)
  from space 5120K, 99% used [0x00000000da400000,0x00000000da8f8ab8,0x00000000da900000)
  to   space 5120K, 0% used [0x00000000d9f00000,0x00000000d9f00000,0x00000000da400000)
 ParOldGen       total 87552K, used 5795K [0x0000000081a00000, 0x0000000086f80000, 0x00000000d5e00000)
  object space 87552K, 6% used [0x0000000081a00000,0x0000000081fa8fd0,0x0000000086f80000)
 Metaspace       used 20655K, capacity 21248K, committed 21296K, reserved 1067008K
  class space    used 2738K, capacity 2926K, committed 2944K, reserved 1048576K
Event: 2.104 GC heap after
Heap after GC invocations=5 (full 1):
 PSYoungGen      total 71680K, used 0K [0x00000000d5e00000, 0x00000000da900000, 0x0000000100000000)
  eden space 66560K, 0% used [0x00000000d5e00000,0x00000000d5e00000,0x00000000d9f00000)
  from space 5120K, 0% used [0x00000000da400000,0x00000000da400000,0x00000000da900000)
  to   space 5120K, 0% used [0x00000000d9f00000,0x00000000d9f00000,0x00000000da400000)
 ParOldGen       total 46080K, used 5191K [0x0000000081a00000, 0x0000000084700000, 0x00000000d5e00000)
  object space 46080K, 11% used [0x0000000081a00000,0x0000000081f11c88,0x0000000084700000)
 Metaspace       used 20653K, capacity 21242K, committed 21296K, reserved 1067008K
  class space    used 2738K, capacity 2925K, committed 2944K, reserved 1048576K
}
Event: 2.565 GC heap before
{Heap before GC invocations=6 (full 1):
 PSYoungGen      total 71680K, used 66560K [0x00000000d5e00000, 0x00000000da900000, 0x0000000100000000)
  eden space 66560K, 100% used [0x00000000d5e00000,0x00000000d9f00000,0x00000000d9f00000)
  from space 5120K, 0% used [0x00000000da400000,0x00000000da400000,0x00000000da900000)
  to   space 5120K, 0% used [0x00000000d9f00000,0x00000000d9f00000,0x00000000da400000)
 ParOldGen       total 46080K, used 5191K [0x0000000081a00000, 0x0000000084700000, 0x00000000d5e00000)
  object space 46080K, 11% used [0x0000000081a00000,0x0000000081f11c88,0x0000000084700000)
 Metaspace       used 25572K, capacity 26412K, committed 26752K, reserved 1073152K
  class space    used 3410K, capacity 3624K, committed 3712K, reserved 1048576K
Event: 2.571 GC heap after
Heap after GC invocations=6 (full 1):
 PSYoungGen      total 71680K, used 5091K [0x00000000d5e00000, 0x00000000ded80000, 0x0000000100000000)
  eden space 66560K, 0% used [0x00000000d5e00000,0x00000000d5e00000,0x00000000d9f00000)
  from space 5120K, 99% used [0x00000000d9f00000,0x00000000da3f8dd8,0x00000000da400000)
  to   space 9728K, 0% used [0x00000000de400000,0x00000000de400000,0x00000000ded80000)
 ParOldGen       total 46080K, used 7273K [0x0000000081a00000, 0x0000000084700000, 0x00000000d5e00000)
  object space 46080K, 15% used [0x0000000081a00000,0x000000008211a7b8,0x0000000084700000)
 Metaspace       used 25572K, capacity 26412K, committed 26752K, reserved 1073152K
  class space    used 3410K, capacity 3624K, committed 3712K, reserved 1048576K
}
Event: 708.644 GC heap before
{Heap before GC invocations=7 (full 1):
 PSYoungGen      total 71680K, used 71651K [0x00000000d5e00000, 0x00000000ded80000, 0x0000000100000000)
  eden space 66560K, 100% used [0x00000000d5e00000,0x00000000d9f00000,0x00000000d9f00000)
  from space 5120K, 99% used [0x00000000d9f00000,0x00000000da3f8dd8,0x00000000da400000)
  to   space 9728K, 0% used [0x00000000de400000,0x00000000de400000,0x00000000ded80000)
 ParOldGen       total 46080K, used 7273K [0x0000000081a00000, 0x0000000084700000, 0x00000000d5e00000)
  object space 46080K, 15% used [0x0000000081a00000,0x000000008211a7b8,0x0000000084700000)
 Metaspace       used 30509K, capacity 31836K, committed 32128K, reserved 1077248K
  class space    used 4080K, capacity 4364K, committed 4480K, reserved 1048576K
Event: 708.663 GC heap after
Heap after GC invocations=7 (full 1):
 PSYoungGen      total 135168K, used 8965K [0x00000000d5e00000, 0x00000000ded80000, 0x0000000100000000)
  eden space 125440K, 0% used [0x00000000d5e00000,0x00000000d5e00000,0x00000000dd880000)
  from space 9728K, 92% used [0x00000000de400000,0x00000000decc1650,0x00000000ded80000)
  to   space 10752K, 0% used [0x00000000dd880000,0x00000000dd880000,0x00000000de300000)
 ParOldGen       total 46080K, used 7281K [0x0000000081a00000, 0x0000000084700000, 0x00000000d5e00000)
  object space 46080K, 15% used [0x0000000081a00000,0x000000008211c7b8,0x0000000084700000)
 Metaspace       used 30509K, capacity 31836K, committed 32128K, reserved 1077248K
  class space    used 4080K, capacity 4364K, committed 4480K, reserved 1048576K
}

